<?xml version="1.0" encoding="UTF-8"?>
<testng-results skipped="0" failed="0" ignored="0" total="4" passed="4">
  <reporter-output>
  </reporter-output>
  <suite name="Default suite" duration-ms="105653" started-at="2019-08-07T07:37:16Z" finished-at="2019-08-07T07:39:02Z">
    <groups>
    </groups>
    <test name="Default test" duration-ms="105653" started-at="2019-08-07T07:37:16Z" finished-at="2019-08-07T07:39:02Z">
      <class name="NewSdfc.phases.phase1Test">
        <test-method status="PASS" signature="TC2_loginError()[pri:1, instance:NewSdfc.phases.phase1Test@64d2d351]" name="TC2_loginError" duration-ms="34175" started-at="2019-08-07T07:37:16Z" finished-at="2019-08-07T07:37:51Z">
          <reporter-output>
          </reporter-output>
        </test-method> <!-- TC2_loginError -->
        <test-method status="PASS" signature="TC4B_loginError()[pri:2, instance:NewSdfc.phases.phase1Test@64d2d351]" name="TC4B_loginError" duration-ms="26596" started-at="2019-08-07T07:37:51Z" finished-at="2019-08-07T07:38:17Z">
          <reporter-output>
          </reporter-output>
        </test-method> <!-- TC4B_loginError -->
        <test-method status="PASS" signature="TC1_login()[pri:3, instance:NewSdfc.phases.phase1Test@64d2d351]" name="TC1_login" duration-ms="18855" started-at="2019-08-07T07:38:17Z" finished-at="2019-08-07T07:38:36Z">
          <reporter-output>
          </reporter-output>
        </test-method> <!-- TC1_login -->
        <test-method status="PASS" signature="TC3_CheckRememberme()[pri:4, instance:NewSdfc.phases.phase1Test@64d2d351]" name="TC3_CheckRememberme" duration-ms="25163" started-at="2019-08-07T07:38:36Z" finished-at="2019-08-07T07:39:01Z">
          <reporter-output>
          </reporter-output>
        </test-method> <!-- TC3_CheckRememberme -->
        <test-method status="PASS" signature="logger()[pri:0, instance:NewSdfc.phases.phase1Test@64d2d351]" name="logger" is-config="true" duration-ms="807" started-at="2019-08-07T07:39:01Z" finished-at="2019-08-07T07:39:02Z">
          <reporter-output>
          </reporter-output>
        </test-method> <!-- logger -->
      </class> <!-- NewSdfc.phases.phase1Test -->
    </test> <!-- Default test -->
  </suite> <!-- Default suite -->
</testng-results>
