<?xml version="1.0" encoding="UTF-8"?>
<!-- Generated by org.testng.reporters.JUnitXMLReporter -->
<testsuite hostname="LAPTOP-4603CCJA" ignored="0" name="Default test" tests="4" failures="0" timestamp="07 Aug 2019 07:39:02 GMT" time="105.653" errors="0">
  <testcase name="TC2_loginError" time="34.175" classname="NewSdfc.phases.phase1Test"/>
  <testcase name="TC4B_loginError" time="26.596" classname="NewSdfc.phases.phase1Test"/>
  <testcase name="TC1_login" time="18.855" classname="NewSdfc.phases.phase1Test"/>
  <testcase name="TC3_CheckRememberme" time="25.163" classname="NewSdfc.phases.phase1Test"/>
</testsuite> <!-- Default test -->
