<?xml version="1.0" encoding="UTF-8"?>
<!-- Generated by org.testng.reporters.JUnitXMLReporter -->
<testsuite hostname="LAPTOP-4603CCJA" ignored="0" name="testngTest" tests="4" failures="0" timestamp="07 Aug 2019 07:41:56 GMT" time="96.383" errors="0">
  <testcase name="TC2_loginError" time="22.739" classname="NewSdfc.phases.phase1Test"/>
  <testcase name="TC4B_loginError" time="28.121" classname="NewSdfc.phases.phase1Test"/>
  <testcase name="TC1_login" time="15.474" classname="NewSdfc.phases.phase1Test"/>
  <testcase name="TC3_CheckRememberme" time="29.267" classname="NewSdfc.phases.phase1Test"/>
</testsuite> <!-- testngTest -->
